<?xml version="1.0" encoding="UTF-8"?>
<testsuite xmlns:xsi="http://www.w3.org/2001/XMLSchema-instance" xsi:noNamespaceSchemaLocation="https://maven.apache.org/surefire/maven-surefire-plugin/xsd/surefire-test-report.xsd" version="3.0.2" name="io.cucumber.zaidan.RunCucumberTest" time="67.451" tests="4" errors="0" skipped="0" failures="3">
  <properties>
[...]
</properties>
  <testcase name="Example #1.1" classname="Examples" time="27.48">
    <failure message="Menu navigasi tidak sesuai expected:&lt;[Dasbor, Tagihan Siswa, Transaksi Penerimaan Dana, Pengaturan Notifikasi, Status Pembayaran, Rekapitulasi, Progres Transaksi Penerimaan Dana]&gt; but was:&lt;[Dasbor&#10;Tagihan Siswa&#10;Transaksi Penerimaan Dana&#10;Pengaturan Notifikasi&#10;Status Pembayaran&#10;Rekapitulasi&#10;Progres Transaksi Penerima Dana]&gt;" type="java.lang.AssertionError"><![CDATA[java.lang.AssertionError: 
Menu navigasi tidak sesuai expected:<[Dasbor, Tagihan Siswa, Transaksi Penerimaan Dana, Pengaturan Notifikasi, Status Pembayaran, Rekapitulasi, Progres Transaksi Penerimaan Dana]> but was:<[Dasbor
Tagihan Siswa
Transaksi Penerimaan Dana
Pengaturan Notifikasi
Status Pembayaran
Rekapitulasi
Progres Transaksi Penerima Dana]>
	at io.cucumber.zaidan.stepDefinition.LoginDefinition.menuNavigasiSampingMenampilkanDaftarBerikut(LoginDefinition.java:60)
	at ✽.Menu navigasi samping menampilkan daftar berikut:(classpath:io/cucumber/zaidan/login.feature:13)
]]></failure>
    <system-out><![CDATA[
@Valid
Scenario: Login berhasil menggunakan kredensial valid sebagai peran "bendahara" &amp#27;[90m# io/cucumber/zaidan/login.feature:24&amp#27;[0m
  &amp#27;[32mGiven &amp#27;[0m&amp#27;[32mUser telah membuka browser&amp#27;[0m                                              &amp#27;[90m# io.cucumber.zaidan.stepDefinition.LoginDefinition.userTelahMembukaBrowser()&amp#27;[0m
  &amp#27;[32mAnd &amp#27;[0m&amp#27;[32mUser navigasi ke login page dengan url &amp#27;[0m&amp#27;[32m&amp#27;[1m"http://ptbsp.ddns.net:6882"&amp#27;[0m       &amp#27;[90m# io.cucumber.zaidan.stepDefinition.LoginDefinition.userNavigasiKeLoginPage(java.lang.String)&amp#27;[0m
  &amp#27;[32mWhen &amp#27;[0m&amp#27;[32mUser memasukan form username dengan &amp#27;[0m&amp#27;[32m&amp#27;[1m"bendahara"&amp#27;[0m&amp#27;[32m dan password &amp#27;[0m&amp#27;[32m&amp#27;[1m"admin123"&amp#27;[0m  &amp#27;[90m# io.cucumber.zaidan.stepDefinition.LoginDefinition.userMemasukanFormUsernameDanPassword(java.lang.String,java.lang.String)&amp#27;[0m
  &amp#27;[32mAnd &amp#27;[0m&amp#27;[32mUser melakukan klik tombol login&amp#27;[0m                                          &amp#27;[90m# io.cucumber.zaidan.stepDefinition.LoginDefinition.userMelakukanKlikTombolLogin()&amp#27;[0m
  &amp#27;[32mThen &amp#27;[0m&amp#27;[32mPengguna diarahkan ke halaman dashboard bendahara&amp#27;[0m                        &amp#27;[90m# io.cucumber.zaidan.stepDefinition.LoginDefinition.penggunaDiarahkanKeHalamanDashboardBendahara()&amp#27;[0m
  &amp#27;[32mAnd &amp#27;[0m&amp#27;[32mJudul halaman yang tampil adalah &amp#27;[0m&amp#27;[32m&amp#27;[1m"Dasbor - Bendahara"&amp#27;[0m                     &amp#27;[90m# io.cucumber.zaidan.stepDefinition.LoginDefinition.judulHalamanYangTampilAdalah(java.lang.String)&amp#27;[0m
  &amp#27;[31mAnd &amp#27;[0m&amp#27;[31mMenu navigasi samping menampilkan daftar berikut:&amp#27;[0m                         &amp#27;[90m# io.cucumber.zaidan.stepDefinition.LoginDefinition.menuNavigasiSampingMenampilkanDaftarBerikut(io.cucumber.datatable.DataTable)&amp#27;[0m
    | Dasbor                            |
    | Tagihan Siswa                     |
    | Transaksi Penerimaan Dana         |
    | Pengaturan Notifikasi             |
    | Status Pembayaran                 |
    | Rekapitulasi                      |
    | Progres Transaksi Penerimaan Dana |
      &amp#27;[31mjava.lang.AssertionError: Menu navigasi tidak sesuai expected:<[Dasbor, Tagihan Siswa, Transaksi Penerimaan Dana, Pengaturan Notifikasi, Status Pembayaran, Rekapitulasi, Progres Transaksi Penerimaan Dana]> but was:<[Dasbor
      Tagihan Siswa
      Transaksi Penerimaan Dana
      Pengaturan Notifikasi
      Status Pembayaran
      Rekapitulasi
      Progres Transaksi Penerima Dana]>
      	at org.junit.Assert.fail(Assert.java:89)
      	at org.junit.Assert.failNotEquals(Assert.java:835)
      	at org.junit.Assert.assertEquals(Assert.java:120)
      	at io.cucumber.zaidan.stepDefinition.LoginDefinition.menuNavigasiSampingMenampilkanDaftarBerikut(LoginDefinition.java:60)
      	at ✽.Menu navigasi samping menampilkan daftar berikut:(classpath:io/cucumber/zaidan/login.feature:13)&amp#27;[0m
]]></system-out>
    <system-err><![CDATA[SLF4J(W): No SLF4J providers were found.
SLF4J(W): Defaulting to no-operation (NOP) logger implementation
SLF4J(W): See https://www.slf4j.org/codes.html#noProviders for further details.
Jun 02, 2025 7:01:25 AM org.openqa.selenium.devtools.CdpVersionFinder findNearestMatch
WARNING: Unable to find CDP implementation matching 137
Jun 02, 2025 7:01:25 AM org.openqa.selenium.chromium.ChromiumDriver lambda$new$5
WARNING: Unable to find version of CDP to use for 137.0.7151.55. You may need to include a dependency on a specific version of the CDP using something similar to `org.seleniumhq.selenium:selenium-devtools-v86:4.18.1` where the version ("v86") matches the version of the chromium-based browser you're using and the version number of the artifact is the same as Selenium's.
]]></system-err>
  </testcase>
  <testcase name="Example #1.1" classname="Examples" time="9.461">
    <failure message="expected:&lt;[Username atau password salah]&gt; but was:&lt;[Incorrect username or password, please try again!]&gt;" type="org.junit.ComparisonFailure"><![CDATA[org.junit.ComparisonFailure: expected:<[Username atau password salah]> but was:<[Incorrect username or password, please try again!]>
	at io.cucumber.zaidan.stepDefinition.LoginDefinition.userHarusDapatMelihatPesanPemberitahuan(LoginDefinition.java:67)
	at ✽.User harus dapat melihat pesan pemberitahuan "Username atau password salah"(classpath:io/cucumber/zaidan/login.feature:30)
]]></failure>
    <system-out><![CDATA[
@InvalidCredentials
Scenario Outline: Login tidak berhasil dengan kredensial yang tidak valid, "Username tidak terdaftar" &amp#27;[90m# io/cucumber/zaidan/login.feature:34&amp#27;[0m
  &amp#27;[32mGiven &amp#27;[0m&amp#27;[32mUser telah membuka browser&amp#27;[0m                                                                    &amp#27;[90m# io.cucumber.zaidan.stepDefinition.LoginDefinition.userTelahMembukaBrowser()&amp#27;[0m
  &amp#27;[32mAnd &amp#27;[0m&amp#27;[32mUser navigasi ke login page dengan url &amp#27;[0m&amp#27;[32m&amp#27;[1m"http://ptbsp.ddns.net:6882"&amp#27;[0m                             &amp#27;[90m# io.cucumber.zaidan.stepDefinition.LoginDefinition.userNavigasiKeLoginPage(java.lang.String)&amp#27;[0m
  &amp#27;[32mWhen &amp#27;[0m&amp#27;[32mUser memasukan form username dengan &amp#27;[0m&amp#27;[32m&amp#27;[1m"indra"&amp#27;[0m&amp#27;[32m dan password &amp#27;[0m&amp#27;[32m&amp#27;[1m"admin123"&amp#27;[0m                            &amp#27;[90m# io.cucumber.zaidan.stepDefinition.LoginDefinition.userMemasukanFormUsernameDanPassword(java.lang.String,java.lang.String)&amp#27;[0m
  &amp#27;[32mAnd &amp#27;[0m&amp#27;[32mUser melakukan klik tombol login&amp#27;[0m                                                                &amp#27;[90m# io.cucumber.zaidan.stepDefinition.LoginDefinition.userMelakukanKlikTombolLogin()&amp#27;[0m
  &amp#27;[31mThen &amp#27;[0m&amp#27;[31mUser harus dapat melihat pesan pemberitahuan &amp#27;[0m&amp#27;[31m&amp#27;[1m"Username atau password salah"&amp#27;[0m                    &amp#27;[90m# io.cucumber.zaidan.stepDefinition.LoginDefinition.userHarusDapatMelihatPesanPemberitahuan(java.lang.String)&amp#27;[0m
      &amp#27;[31morg.junit.ComparisonFailure: expected:<[Username atau password salah]> but was:<[Incorrect username or password, please try again!]>
      	at org.junit.Assert.assertEquals(Assert.java:117)
      	at org.junit.Assert.assertEquals(Assert.java:146)
      	at io.cucumber.zaidan.stepDefinition.LoginDefinition.userHarusDapatMelihatPesanPemberitahuan(LoginDefinition.java:67)
      	at ✽.User harus dapat melihat pesan pemberitahuan "Username atau password salah"(classpath:io/cucumber/zaidan/login.feature:30)&amp#27;[0m
]]></system-out>
    <system-err><![CDATA[Jun 02, 2025 7:01:35 AM org.openqa.selenium.devtools.CdpVersionFinder findNearestMatch
WARNING: Unable to find CDP implementation matching 137
Jun 02, 2025 7:01:35 AM org.openqa.selenium.chromium.ChromiumDriver lambda$new$5
WARNING: Unable to find version of CDP to use for 137.0.7151.55. You may need to include a dependency on a specific version of the CDP using something similar to `org.seleniumhq.selenium:selenium-devtools-v86:4.18.1` where the version ("v86") matches the version of the chromium-based browser you're using and the version number of the artifact is the same as Selenium's.
]]></system-err>
  </testcase>
  <testcase name="Example #1.2" classname="Examples" time="9.381">
    <failure message="expected:&lt;[Username atau password salah]&gt; but was:&lt;[Incorrect username or password, please try again!]&gt;" type="org.junit.ComparisonFailure"><![CDATA[org.junit.ComparisonFailure: expected:<[Username atau password salah]> but was:<[Incorrect username or password, please try again!]>
	at io.cucumber.zaidan.stepDefinition.LoginDefinition.userHarusDapatMelihatPesanPemberitahuan(LoginDefinition.java:67)
	at ✽.User harus dapat melihat pesan pemberitahuan "Username atau password salah"(classpath:io/cucumber/zaidan/login.feature:30)
]]></failure>
    <system-out><![CDATA[
@InvalidCredentials
Scenario Outline: Login tidak berhasil dengan kredensial yang tidak valid, "Password salah" &amp#27;[90m# io/cucumber/zaidan/login.feature:35&amp#27;[0m
  &amp#27;[32mGiven &amp#27;[0m&amp#27;[32mUser telah membuka browser&amp#27;[0m                                                          &amp#27;[90m# io.cucumber.zaidan.stepDefinition.LoginDefinition.userTelahMembukaBrowser()&amp#27;[0m
  &amp#27;[32mAnd &amp#27;[0m&amp#27;[32mUser navigasi ke login page dengan url &amp#27;[0m&amp#27;[32m&amp#27;[1m"http://ptbsp.ddns.net:6882"&amp#27;[0m                   &amp#27;[90m# io.cucumber.zaidan.stepDefinition.LoginDefinition.userNavigasiKeLoginPage(java.lang.String)&amp#27;[0m
  &amp#27;[32mWhen &amp#27;[0m&amp#27;[32mUser memasukan form username dengan &amp#27;[0m&amp#27;[32m&amp#27;[1m"admin"&amp#27;[0m&amp#27;[32m dan password &amp#27;[0m&amp#27;[32m&amp#27;[1m"admin12"&amp#27;[0m                   &amp#27;[90m# io.cucumber.zaidan.stepDefinition.LoginDefinition.userMemasukanFormUsernameDanPassword(java.lang.String,java.lang.String)&amp#27;[0m
  &amp#27;[32mAnd &amp#27;[0m&amp#27;[32mUser melakukan klik tombol login&amp#27;[0m                                                      &amp#27;[90m# io.cucumber.zaidan.stepDefinition.LoginDefinition.userMelakukanKlikTombolLogin()&amp#27;[0m
  &amp#27;[31mThen &amp#27;[0m&amp#27;[31mUser harus dapat melihat pesan pemberitahuan &amp#27;[0m&amp#27;[31m&amp#27;[1m"Username atau password salah"&amp#27;[0m          &amp#27;[90m# io.cucumber.zaidan.stepDefinition.LoginDefinition.userHarusDapatMelihatPesanPemberitahuan(java.lang.String)&amp#27;[0m
      &amp#27;[31morg.junit.ComparisonFailure: expected:<[Username atau password salah]> but was:<[Incorrect username or password, please try again!]>
      	at org.junit.Assert.assertEquals(Assert.java:117)
      	at org.junit.Assert.assertEquals(Assert.java:146)
      	at io.cucumber.zaidan.stepDefinition.LoginDefinition.userHarusDapatMelihatPesanPemberitahuan(LoginDefinition.java:67)
      	at ✽.User harus dapat melihat pesan pemberitahuan "Username atau password salah"(classpath:io/cucumber/zaidan/login.feature:30)&amp#27;[0m
]]></system-out>
    <system-err><![CDATA[Jun 02, 2025 7:01:44 AM org.openqa.selenium.devtools.CdpVersionFinder findNearestMatch
WARNING: Unable to find CDP implementation matching 137
Jun 02, 2025 7:01:44 AM org.openqa.selenium.chromium.ChromiumDriver lambda$new$5
WARNING: Unable to find version of CDP to use for 137.0.7151.55. You may need to include a dependency on a specific version of the CDP using something similar to `org.seleniumhq.selenium:selenium-devtools-v86:4.18.1` where the version ("v86") matches the version of the chromium-based browser you're using and the version number of the artifact is the same as Selenium's.
]]></system-err>
  </testcase>
  <testcase name="Check logout is successful with valid credentials as role &quot;Bendahara&quot;" classname="Logout" time="14.484">
    <system-out><![CDATA[
Scenario: Check logout is successful with valid credentials as role "Bendahara" &amp#27;[90m# io/cucumber/zaidan/logout.feature:2&amp#27;[0m
  &amp#27;[32mGiven &amp#27;[0m&amp#27;[32mUser navigated to Login page&amp#27;[0m                                            &amp#27;[90m# io.cucumber.zaidan.stepDefinition.LogoutDefinition.userTelahMembukaLoginPage()&amp#27;[0m
  &amp#27;[32mAnd &amp#27;[0m&amp#27;[32mUser enters username &amp#27;[0m&amp#27;[32m&amp#27;[1m"bendahara"&amp#27;[0m                                          &amp#27;[90m# io.cucumber.zaidan.stepDefinition.LogoutDefinition.userMemasukkanUsername(java.lang.String)&amp#27;[0m
  &amp#27;[32mAnd &amp#27;[0m&amp#27;[32mEnters password &amp#27;[0m&amp#27;[32m&amp#27;[1m"admin123"&amp#27;[0m                                                &amp#27;[90m# io.cucumber.zaidan.stepDefinition.LogoutDefinition.userMemasukkanPassword(java.lang.String)&amp#27;[0m
  &amp#27;[32mAnd &amp#27;[0m&amp#27;[32mClicks on login button&amp#27;[0m                                                    &amp#27;[90m# io.cucumber.zaidan.stepDefinition.LogoutDefinition.userMengklikTombolLogin()&amp#27;[0m
  &amp#27;[32mAnd &amp#27;[0m&amp#27;[32mUser navigates to Dashboard page&amp#27;[0m                                          &amp#27;[90m# io.cucumber.zaidan.stepDefinition.LogoutDefinition.userDiarahkanKePageDashboard()&amp#27;[0m
  &amp#27;[32mWhen &amp#27;[0m&amp#27;[32mUser clicks on logout button&amp#27;[0m                                             &amp#27;[90m# io.cucumber.zaidan.stepDefinition.LogoutDefinition.userMengklikTombolLogout()&amp#27;[0m
  &amp#27;[32mAnd &amp#27;[0m&amp#27;[32mClicks on logout confirmation pop up button&amp#27;[0m                               &amp#27;[90m# io.cucumber.zaidan.stepDefinition.LogoutDefinition.userMengklikTombolKonfirmasiLogout()&amp#27;[0m
  &amp#27;[32mThen &amp#27;[0m&amp#27;[32mUser should navigated to the Login page&amp#27;[0m                                  &amp#27;[90m# io.cucumber.zaidan.stepDefinition.LogoutDefinition.userKembaliKeLoginPage()&amp#27;[0m
]]></system-out>
    <system-err><![CDATA[Jun 02, 2025 7:01:54 AM org.openqa.selenium.devtools.CdpVersionFinder findNearestMatch
WARNING: Unable to find CDP implementation matching 137
Jun 02, 2025 7:01:54 AM org.openqa.selenium.chromium.ChromiumDriver lambda$new$5
WARNING: Unable to find version of CDP to use for 137.0.7151.55. You may need to include a dependency on a specific version of the CDP using something similar to `org.seleniumhq.selenium:selenium-devtools-v86:4.18.1` where the version ("v86") matches the version of the chromium-based browser you're using and the version number of the artifact is the same as Selenium's.
]]></system-err>
  </testcase>
</testsuite>